d:\rollercoaster\rollercoaster\roller coaster\obj\debug\vc140.pdb
d:\rollercoaster\rollercoaster\roller coaster\obj\debug\pnt3f.obj
d:\rollercoaster\rollercoaster\roller coaster\obj\debug\arcballcam.obj
d:\rollercoaster\rollercoaster\roller coaster\obj\debug\3dutils.obj
d:\rollercoaster\rollercoaster\roller coaster\obj\debug\trainview.obj
d:\rollercoaster\rollercoaster\roller coaster\obj\debug\track.obj
d:\rollercoaster\rollercoaster\roller coaster\obj\debug\main.obj
d:\rollercoaster\rollercoaster\roller coaster\obj\debug\controlpoint.obj
d:\rollercoaster\rollercoaster\roller coaster\obj\debug\appmain.obj
d:\rollercoaster\rollercoaster\roller coaster\obj\debug\moc_trainview.obj
d:\rollercoaster\rollercoaster\roller coaster\obj\debug\moc_appmain.obj
d:\rollercoaster\rollercoaster\roller coaster\obj\debug\qrc_appmain.obj
d:\rollercoaster\rollercoaster\roller coaster\obj\debug\model.obj
d:\rollercoaster\rollercoaster\roller coaster\generatedfiles\qrc_appmain.cpp
d:\rollercoaster\rollercoaster\roller coaster\generatedfiles\ui_appmain.h
d:\rollercoaster\rollercoaster\roller coaster\generatedfiles\debug\moc_trainview.cpp
d:\rollercoaster\rollercoaster\roller coaster\generatedfiles\debug\moc_appmain.cpp
d:\rollercoaster\rollercoaster\win32\debug\roller coaster.ilk
d:\rollercoaster\rollercoaster\win32\debug\roller coaster.exe
d:\rollercoaster\rollercoaster\win32\debug\roller coaster.pdb
d:\rollercoaster\rollercoaster\roller coaster\obj\debug\arrow.obj
d:\rollercoaster\rollercoaster\roller coaster\obj\debug\roller coaster.tlog\cl.command.1.tlog
d:\rollercoaster\rollercoaster\roller coaster\obj\debug\roller coaster.tlog\cl.read.1.tlog
d:\rollercoaster\rollercoaster\roller coaster\obj\debug\roller coaster.tlog\cl.write.1.tlog
d:\rollercoaster\rollercoaster\roller coaster\obj\debug\roller coaster.tlog\custombuild.command.1.tlog
d:\rollercoaster\rollercoaster\roller coaster\obj\debug\roller coaster.tlog\custombuild.read.1.tlog
d:\rollercoaster\rollercoaster\roller coaster\obj\debug\roller coaster.tlog\custombuild.write.1.tlog
d:\rollercoaster\rollercoaster\roller coaster\obj\debug\roller coaster.tlog\link.command.1.tlog
d:\rollercoaster\rollercoaster\roller coaster\obj\debug\roller coaster.tlog\link.read.1.tlog
d:\rollercoaster\rollercoaster\roller coaster\obj\debug\roller coaster.tlog\link.write.1.tlog
